[0.947s] DEBUG:colcon:Command line arguments: ['/usr/bin/colcon', 'build']
[0.948s] DEBUG:colcon:Parsed command line arguments: Namespace(log_base=None, log_level=None, verb_name='build', build_base='build', install_base='install', merge_install=False, symlink_install=False, test_result_base=None, continue_on_error=False, executor='parallel', parallel_workers=1, event_handlers=None, ignore_user_meta=False, metas=['./colcon.meta'], base_paths=['.'], packages_ignore=None, packages_ignore_regex=None, paths=None, packages_up_to=None, packages_up_to_regex=None, packages_above=None, packages_above_and_dependencies=None, packages_above_depth=None, packages_select_by_dep=None, packages_skip_by_dep=None, packages_skip_up_to=None, packages_select_build_failed=False, packages_skip_build_finished=False, packages_select_test_failures=False, packages_skip_test_passed=False, packages_select=None, packages_skip=None, packages_select_regex=None, packages_skip_regex=None, packages_start=None, packages_end=None, allow_overriding=[], cmake_args=None, cmake_target=None, cmake_target_skip_unavailable=False, cmake_clean_cache=False, cmake_clean_first=False, cmake_force_configure=False, ament_cmake_args=None, catkin_cmake_args=None, catkin_skip_building_tests=False, mixin_files=None, mixin=None, verb_parser=<colcon_mixin.mixin.mixin_argument.MixinArgumentDecorator object at 0x7bacec35a9f0>, verb_extension=<colcon_core.verb.build.BuildVerb object at 0x7bacec35a6f0>, main=<bound method BuildVerb.main of <colcon_core.verb.build.BuildVerb object at 0x7bacec35a6f0>>, mixin_verb=('build',))
[1.149s] Level 1:colcon.colcon_core.package_discovery:discover_packages(colcon_meta) check parameters
[1.150s] Level 1:colcon.colcon_core.package_discovery:discover_packages(recursive) check parameters
[1.150s] Level 1:colcon.colcon_core.package_discovery:discover_packages(ignore) check parameters
[1.151s] Level 1:colcon.colcon_core.package_discovery:discover_packages(path) check parameters
[1.151s] Level 1:colcon.colcon_core.package_discovery:discover_packages(colcon_meta) discover
[1.151s] Level 1:colcon.colcon_core.package_discovery:discover_packages(recursive) discover
[1.151s] INFO:colcon.colcon_core.package_discovery:Crawling recursively for packages in '/home/joffre/ros2_tutorials_ws/src'
[1.151s] Level 1:colcon.colcon_core.package_identification:_identify(.) by extensions ['ignore', 'ignore_ament_install']
[1.152s] Level 1:colcon.colcon_core.package_identification:_identify(.) by extension 'ignore'
[1.153s] Level 1:colcon.colcon_core.package_identification:_identify(.) by extension 'ignore_ament_install'
[1.154s] Level 1:colcon.colcon_core.package_identification:_identify(.) by extensions ['colcon_pkg']
[1.154s] Level 1:colcon.colcon_core.package_identification:_identify(.) by extension 'colcon_pkg'
[1.154s] Level 1:colcon.colcon_core.package_identification:_identify(.) by extensions ['colcon_meta']
[1.155s] Level 1:colcon.colcon_core.package_identification:_identify(.) by extension 'colcon_meta'
[1.155s] Level 1:colcon.colcon_core.package_identification:_identify(.) by extensions ['ros']
[1.155s] Level 1:colcon.colcon_core.package_identification:_identify(.) by extension 'ros'
[1.268s] Level 1:colcon.colcon_core.package_identification:_identify(.) by extensions ['cmake', 'python']
[1.269s] Level 1:colcon.colcon_core.package_identification:_identify(.) by extension 'cmake'
[1.269s] Level 1:colcon.colcon_core.package_identification:_identify(.) by extension 'python'
[1.269s] Level 1:colcon.colcon_core.package_identification:_identify(.) by extensions ['python_setup_py']
[1.269s] Level 1:colcon.colcon_core.package_identification:_identify(.) by extension 'python_setup_py'
[1.270s] Level 1:colcon.colcon_core.package_identification:_identify(build) by extensions ['ignore', 'ignore_ament_install']
[1.270s] Level 1:colcon.colcon_core.package_identification:_identify(build) by extension 'ignore'
[1.271s] Level 1:colcon.colcon_core.package_identification:_identify(build) ignored
[1.272s] Level 1:colcon.colcon_core.package_identification:_identify(install) by extensions ['ignore', 'ignore_ament_install']
[1.273s] Level 1:colcon.colcon_core.package_identification:_identify(install) by extension 'ignore'
[1.273s] Level 1:colcon.colcon_core.package_identification:_identify(install) ignored
[1.273s] Level 1:colcon.colcon_core.package_identification:_identify(log) by extensions ['ignore', 'ignore_ament_install']
[1.274s] Level 1:colcon.colcon_core.package_identification:_identify(log) by extension 'ignore'
[1.274s] Level 1:colcon.colcon_core.package_identification:_identify(log) ignored
[1.275s] Level 1:colcon.colcon_core.package_identification:_identify(my_first_package) by extensions ['ignore', 'ignore_ament_install']
[1.276s] Level 1:colcon.colcon_core.package_identification:_identify(my_first_package) by extension 'ignore'
[1.276s] Level 1:colcon.colcon_core.package_identification:_identify(my_first_package) by extension 'ignore_ament_install'
[1.277s] Level 1:colcon.colcon_core.package_identification:_identify(my_first_package) by extensions ['colcon_pkg']
[1.277s] Level 1:colcon.colcon_core.package_identification:_identify(my_first_package) by extension 'colcon_pkg'
[1.277s] Level 1:colcon.colcon_core.package_identification:_identify(my_first_package) by extensions ['colcon_meta']
[1.277s] Level 1:colcon.colcon_core.package_identification:_identify(my_first_package) by extension 'colcon_meta'
[1.277s] Level 1:colcon.colcon_core.package_identification:_identify(my_first_package) by extensions ['ros']
[1.277s] Level 1:colcon.colcon_core.package_identification:_identify(my_first_package) by extension 'ros'
[1.293s] DEBUG:colcon.colcon_core.package_identification:Package 'my_first_package' with type 'ros.ament_python' and name 'my_first_package'
[1.294s] Level 1:colcon.colcon_core.package_identification:_identify(pubsub_package) by extensions ['ignore', 'ignore_ament_install']
[1.295s] Level 1:colcon.colcon_core.package_identification:_identify(pubsub_package) by extension 'ignore'
[1.296s] Level 1:colcon.colcon_core.package_identification:_identify(pubsub_package) by extension 'ignore_ament_install'
[1.296s] Level 1:colcon.colcon_core.package_identification:_identify(pubsub_package) by extensions ['colcon_pkg']
[1.296s] Level 1:colcon.colcon_core.package_identification:_identify(pubsub_package) by extension 'colcon_pkg'
[1.296s] Level 1:colcon.colcon_core.package_identification:_identify(pubsub_package) by extensions ['colcon_meta']
[1.296s] Level 1:colcon.colcon_core.package_identification:_identify(pubsub_package) by extension 'colcon_meta'
[1.297s] Level 1:colcon.colcon_core.package_identification:_identify(pubsub_package) by extensions ['ros']
[1.297s] Level 1:colcon.colcon_core.package_identification:_identify(pubsub_package) by extension 'ros'
[1.299s] DEBUG:colcon.colcon_core.package_identification:Package 'pubsub_package' with type 'ros.ament_python' and name 'pubsub_package'
[1.299s] Level 1:colcon.colcon_core.package_discovery:discover_packages(recursive) using defaults
[1.299s] Level 1:colcon.colcon_core.package_discovery:discover_packages(ignore) discover
[1.299s] Level 1:colcon.colcon_core.package_discovery:discover_packages(ignore) using defaults
[1.299s] Level 1:colcon.colcon_core.package_discovery:discover_packages(path) discover
[1.300s] Level 1:colcon.colcon_core.package_discovery:discover_packages(path) using defaults
[1.382s] Level 1:colcon.colcon_core.package_discovery:discover_packages(prefix_path) check parameters
[1.382s] Level 1:colcon.colcon_core.package_discovery:discover_packages(prefix_path) discover
[1.397s] DEBUG:colcon.colcon_installed_package_information.package_discovery:Found 2 installed packages in /home/joffre/ros2_tutorials_ws/install
[1.404s] DEBUG:colcon.colcon_installed_package_information.package_discovery:Found 335 installed packages in /opt/ros/rolling
[1.408s] Level 1:colcon.colcon_core.package_discovery:discover_packages(prefix_path) using defaults
[1.898s] Level 5:colcon.colcon_core.verb:set package 'my_first_package' build argument 'cmake_args' from command line to 'None'
[1.900s] Level 5:colcon.colcon_core.verb:set package 'my_first_package' build argument 'cmake_target' from command line to 'None'
[1.901s] Level 5:colcon.colcon_core.verb:set package 'my_first_package' build argument 'cmake_target_skip_unavailable' from command line to 'False'
[1.901s] Level 5:colcon.colcon_core.verb:set package 'my_first_package' build argument 'cmake_clean_cache' from command line to 'False'
[1.901s] Level 5:colcon.colcon_core.verb:set package 'my_first_package' build argument 'cmake_clean_first' from command line to 'False'
[1.901s] Level 5:colcon.colcon_core.verb:set package 'my_first_package' build argument 'cmake_force_configure' from command line to 'False'
[1.901s] Level 5:colcon.colcon_core.verb:set package 'my_first_package' build argument 'ament_cmake_args' from command line to 'None'
[1.901s] Level 5:colcon.colcon_core.verb:set package 'my_first_package' build argument 'catkin_cmake_args' from command line to 'None'
[1.901s] Level 5:colcon.colcon_core.verb:set package 'my_first_package' build argument 'catkin_skip_building_tests' from command line to 'False'
[1.902s] DEBUG:colcon.colcon_core.verb:Building package 'my_first_package' with the following arguments: {'ament_cmake_args': None, 'build_base': '/home/joffre/ros2_tutorials_ws/src/build/my_first_package', 'catkin_cmake_args': None, 'catkin_skip_building_tests': False, 'cmake_args': None, 'cmake_clean_cache': False, 'cmake_clean_first': False, 'cmake_force_configure': False, 'cmake_target': None, 'cmake_target_skip_unavailable': False, 'install_base': '/home/joffre/ros2_tutorials_ws/src/install/my_first_package', 'merge_install': False, 'path': '/home/joffre/ros2_tutorials_ws/src/my_first_package', 'symlink_install': False, 'test_result_base': None}
[1.910s] Level 5:colcon.colcon_core.verb:set package 'pubsub_package' build argument 'cmake_args' from command line to 'None'
[1.911s] Level 5:colcon.colcon_core.verb:set package 'pubsub_package' build argument 'cmake_target' from command line to 'None'
[1.911s] Level 5:colcon.colcon_core.verb:set package 'pubsub_package' build argument 'cmake_target_skip_unavailable' from command line to 'False'
[1.911s] Level 5:colcon.colcon_core.verb:set package 'pubsub_package' build argument 'cmake_clean_cache' from command line to 'False'
[1.911s] Level 5:colcon.colcon_core.verb:set package 'pubsub_package' build argument 'cmake_clean_first' from command line to 'False'
[1.911s] Level 5:colcon.colcon_core.verb:set package 'pubsub_package' build argument 'cmake_force_configure' from command line to 'False'
[1.912s] Level 5:colcon.colcon_core.verb:set package 'pubsub_package' build argument 'ament_cmake_args' from command line to 'None'
[1.912s] Level 5:colcon.colcon_core.verb:set package 'pubsub_package' build argument 'catkin_cmake_args' from command line to 'None'
[1.912s] Level 5:colcon.colcon_core.verb:set package 'pubsub_package' build argument 'catkin_skip_building_tests' from command line to 'False'
[1.914s] DEBUG:colcon.colcon_core.verb:Building package 'pubsub_package' with the following arguments: {'ament_cmake_args': None, 'build_base': '/home/joffre/ros2_tutorials_ws/src/build/pubsub_package', 'catkin_cmake_args': None, 'catkin_skip_building_tests': False, 'cmake_args': None, 'cmake_clean_cache': False, 'cmake_clean_first': False, 'cmake_force_configure': False, 'cmake_target': None, 'cmake_target_skip_unavailable': False, 'install_base': '/home/joffre/ros2_tutorials_ws/src/install/pubsub_package', 'merge_install': False, 'path': '/home/joffre/ros2_tutorials_ws/src/pubsub_package', 'symlink_install': False, 'test_result_base': None}
[1.916s] INFO:colcon.colcon_core.executor:Executing jobs using 'parallel' executor
[1.922s] DEBUG:colcon.colcon_parallel_executor.executor.parallel:run_until_complete
[1.926s] INFO:colcon.colcon_ros.task.ament_python.build:Building ROS package in '/home/joffre/ros2_tutorials_ws/src/my_first_package' with build type 'ament_python'
[1.926s] Level 1:colcon.colcon_core.shell:create_environment_hook('my_first_package', 'ament_prefix_path')
[1.987s] INFO:colcon.colcon_core.plugin_system:Skipping extension 'colcon_core.shell.bat': Not used on non-Windows systems
[1.989s] INFO:colcon.colcon_core.shell:Creating environment hook '/home/joffre/ros2_tutorials_ws/src/install/my_first_package/share/my_first_package/hook/ament_prefix_path.ps1'
[2.011s] INFO:colcon.colcon_core.shell:Creating environment descriptor '/home/joffre/ros2_tutorials_ws/src/install/my_first_package/share/my_first_package/hook/ament_prefix_path.dsv'
[2.042s] INFO:colcon.colcon_core.shell:Creating environment hook '/home/joffre/ros2_tutorials_ws/src/install/my_first_package/share/my_first_package/hook/ament_prefix_path.sh'
[2.061s] INFO:colcon.colcon_core.shell:Skip shell extension 'powershell' for command environment: Not usable outside of PowerShell
[2.067s] DEBUG:colcon.colcon_core.shell:Skip shell extension 'dsv' for command environment
[6.268s] INFO:colcon.colcon_core.task.python.build:Building Python package in '/home/joffre/ros2_tutorials_ws/src/my_first_package'
[6.272s] INFO:colcon.colcon_core.shell:Skip shell extension 'powershell' for command environment: Not usable outside of PowerShell
[6.272s] DEBUG:colcon.colcon_core.shell:Skip shell extension 'dsv' for command environment
[25.872s] DEBUG:colcon.colcon_core.event_handler.log_command:Invoking command in '/home/joffre/ros2_tutorials_ws/src/my_first_package': DEBUGINFOD_URLS=https://debuginfod.ubuntu.com PYTHONPATH=/home/joffre/ros2_tutorials_ws/src/build/my_first_package/prefix_override:/usr/lib/python3/dist-packages/colcon_core/task/python/colcon_distutils_commands:/home/joffre/ros2_tutorials_ws/src/install/my_first_package/lib/python3.12/site-packages:${PYTHONPATH} /usr/bin/python3 -W ignore:setup.py install is deprecated -W ignore:easy_install command is deprecated setup.py egg_info --egg-base ../build/my_first_package build --build-base /home/joffre/ros2_tutorials_ws/src/build/my_first_package/build install --record /home/joffre/ros2_tutorials_ws/src/build/my_first_package/install.log --single-version-externally-managed install_data
[36.507s] DEBUG:colcon.colcon_core.event_handler.log_command:Invoked command in '/home/joffre/ros2_tutorials_ws/src/my_first_package' returned '0': DEBUGINFOD_URLS=https://debuginfod.ubuntu.com PYTHONPATH=/home/joffre/ros2_tutorials_ws/src/build/my_first_package/prefix_override:/usr/lib/python3/dist-packages/colcon_core/task/python/colcon_distutils_commands:/home/joffre/ros2_tutorials_ws/src/install/my_first_package/lib/python3.12/site-packages:${PYTHONPATH} /usr/bin/python3 -W ignore:setup.py install is deprecated -W ignore:easy_install command is deprecated setup.py egg_info --egg-base ../build/my_first_package build --build-base /home/joffre/ros2_tutorials_ws/src/build/my_first_package/build install --record /home/joffre/ros2_tutorials_ws/src/build/my_first_package/install.log --single-version-externally-managed install_data
[36.575s] Level 1:colcon.colcon_core.environment:checking '/home/joffre/ros2_tutorials_ws/src/install/my_first_package' for CMake module files
[36.585s] Level 1:colcon.colcon_core.environment:checking '/home/joffre/ros2_tutorials_ws/src/install/my_first_package' for CMake config files
[36.591s] Level 1:colcon.colcon_core.environment:checking '/home/joffre/ros2_tutorials_ws/src/install/my_first_package/lib'
[36.594s] Level 1:colcon.colcon_core.environment:checking '/home/joffre/ros2_tutorials_ws/src/install/my_first_package/bin'
[36.600s] Level 1:colcon.colcon_core.environment:checking '/home/joffre/ros2_tutorials_ws/src/install/my_first_package/lib/pkgconfig/my_first_package.pc'
[36.602s] Level 1:colcon.colcon_core.environment:checking '/home/joffre/ros2_tutorials_ws/src/install/my_first_package/lib/python3.12/site-packages'
[36.609s] Level 1:colcon.colcon_core.shell:create_environment_hook('my_first_package', 'pythonpath')
[36.609s] INFO:colcon.colcon_core.shell:Creating environment hook '/home/joffre/ros2_tutorials_ws/src/install/my_first_package/share/my_first_package/hook/pythonpath.ps1'
[36.620s] INFO:colcon.colcon_core.shell:Creating environment descriptor '/home/joffre/ros2_tutorials_ws/src/install/my_first_package/share/my_first_package/hook/pythonpath.dsv'
[36.625s] INFO:colcon.colcon_core.shell:Creating environment hook '/home/joffre/ros2_tutorials_ws/src/install/my_first_package/share/my_first_package/hook/pythonpath.sh'
[36.629s] Level 1:colcon.colcon_core.environment:checking '/home/joffre/ros2_tutorials_ws/src/install/my_first_package/bin'
[36.630s] Level 1:colcon.colcon_core.environment:create_environment_scripts_only(my_first_package)
[36.631s] INFO:colcon.colcon_core.shell:Creating package script '/home/joffre/ros2_tutorials_ws/src/install/my_first_package/share/my_first_package/package.ps1'
[36.634s] INFO:colcon.colcon_core.shell:Creating package descriptor '/home/joffre/ros2_tutorials_ws/src/install/my_first_package/share/my_first_package/package.dsv'
[36.637s] INFO:colcon.colcon_core.shell:Creating package script '/home/joffre/ros2_tutorials_ws/src/install/my_first_package/share/my_first_package/package.sh'
[36.645s] INFO:colcon.colcon_core.shell:Creating package script '/home/joffre/ros2_tutorials_ws/src/install/my_first_package/share/my_first_package/package.bash'
[36.658s] INFO:colcon.colcon_core.shell:Creating package script '/home/joffre/ros2_tutorials_ws/src/install/my_first_package/share/my_first_package/package.zsh'
[36.661s] Level 1:colcon.colcon_core.environment:create_file_with_runtime_dependencies(/home/joffre/ros2_tutorials_ws/src/install/my_first_package/share/colcon-core/packages/my_first_package)
[36.663s] INFO:colcon.colcon_ros.task.ament_python.build:Building ROS package in '/home/joffre/ros2_tutorials_ws/src/pubsub_package' with build type 'ament_python'
[36.663s] Level 1:colcon.colcon_core.shell:create_environment_hook('pubsub_package', 'ament_prefix_path')
[36.664s] INFO:colcon.colcon_core.shell:Creating environment hook '/home/joffre/ros2_tutorials_ws/src/install/pubsub_package/share/pubsub_package/hook/ament_prefix_path.ps1'
[36.687s] INFO:colcon.colcon_core.shell:Creating environment descriptor '/home/joffre/ros2_tutorials_ws/src/install/pubsub_package/share/pubsub_package/hook/ament_prefix_path.dsv'
[36.693s] INFO:colcon.colcon_core.shell:Creating environment hook '/home/joffre/ros2_tutorials_ws/src/install/pubsub_package/share/pubsub_package/hook/ament_prefix_path.sh'
[36.699s] INFO:colcon.colcon_core.shell:Skip shell extension 'powershell' for command environment: Not usable outside of PowerShell
[36.699s] DEBUG:colcon.colcon_core.shell:Skip shell extension 'dsv' for command environment
[44.332s] INFO:colcon.colcon_core.task.python.build:Building Python package in '/home/joffre/ros2_tutorials_ws/src/pubsub_package'
[44.345s] INFO:colcon.colcon_core.shell:Skip shell extension 'powershell' for command environment: Not usable outside of PowerShell
[44.346s] DEBUG:colcon.colcon_core.shell:Skip shell extension 'dsv' for command environment
[71.283s] DEBUG:colcon.colcon_core.event_handler.log_command:Invoking command in '/home/joffre/ros2_tutorials_ws/src/pubsub_package': DEBUGINFOD_URLS=https://debuginfod.ubuntu.com PYTHONPATH=/home/joffre/ros2_tutorials_ws/src/build/pubsub_package/prefix_override:/usr/lib/python3/dist-packages/colcon_core/task/python/colcon_distutils_commands:/home/joffre/ros2_tutorials_ws/src/install/pubsub_package/lib/python3.12/site-packages:${PYTHONPATH} /usr/bin/python3 -W ignore:setup.py install is deprecated -W ignore:easy_install command is deprecated setup.py egg_info --egg-base ../build/pubsub_package build --build-base /home/joffre/ros2_tutorials_ws/src/build/pubsub_package/build install --record /home/joffre/ros2_tutorials_ws/src/build/pubsub_package/install.log --single-version-externally-managed install_data
[86.274s] Level 1:colcon.colcon_core.environment:checking '/home/joffre/ros2_tutorials_ws/src/install/pubsub_package' for CMake module files
[86.282s] Level 1:colcon.colcon_core.environment:checking '/home/joffre/ros2_tutorials_ws/src/install/pubsub_package' for CMake config files
[86.283s] DEBUG:colcon.colcon_core.event_handler.log_command:Invoked command in '/home/joffre/ros2_tutorials_ws/src/pubsub_package' returned '0': DEBUGINFOD_URLS=https://debuginfod.ubuntu.com PYTHONPATH=/home/joffre/ros2_tutorials_ws/src/build/pubsub_package/prefix_override:/usr/lib/python3/dist-packages/colcon_core/task/python/colcon_distutils_commands:/home/joffre/ros2_tutorials_ws/src/install/pubsub_package/lib/python3.12/site-packages:${PYTHONPATH} /usr/bin/python3 -W ignore:setup.py install is deprecated -W ignore:easy_install command is deprecated setup.py egg_info --egg-base ../build/pubsub_package build --build-base /home/joffre/ros2_tutorials_ws/src/build/pubsub_package/build install --record /home/joffre/ros2_tutorials_ws/src/build/pubsub_package/install.log --single-version-externally-managed install_data
[86.292s] Level 1:colcon.colcon_core.environment:checking '/home/joffre/ros2_tutorials_ws/src/install/pubsub_package/lib'
[86.294s] Level 1:colcon.colcon_core.environment:checking '/home/joffre/ros2_tutorials_ws/src/install/pubsub_package/bin'
[86.303s] Level 1:colcon.colcon_core.environment:checking '/home/joffre/ros2_tutorials_ws/src/install/pubsub_package/lib/pkgconfig/pubsub_package.pc'
[86.308s] Level 1:colcon.colcon_core.environment:checking '/home/joffre/ros2_tutorials_ws/src/install/pubsub_package/lib/python3.12/site-packages'
[86.309s] Level 1:colcon.colcon_core.shell:create_environment_hook('pubsub_package', 'pythonpath')
[86.317s] INFO:colcon.colcon_core.shell:Creating environment hook '/home/joffre/ros2_tutorials_ws/src/install/pubsub_package/share/pubsub_package/hook/pythonpath.ps1'
[86.331s] INFO:colcon.colcon_core.shell:Creating environment descriptor '/home/joffre/ros2_tutorials_ws/src/install/pubsub_package/share/pubsub_package/hook/pythonpath.dsv'
[86.340s] INFO:colcon.colcon_core.shell:Creating environment hook '/home/joffre/ros2_tutorials_ws/src/install/pubsub_package/share/pubsub_package/hook/pythonpath.sh'
[86.349s] Level 1:colcon.colcon_core.environment:checking '/home/joffre/ros2_tutorials_ws/src/install/pubsub_package/bin'
[86.349s] Level 1:colcon.colcon_core.environment:create_environment_scripts_only(pubsub_package)
[86.356s] INFO:colcon.colcon_core.shell:Creating package script '/home/joffre/ros2_tutorials_ws/src/install/pubsub_package/share/pubsub_package/package.ps1'
[86.367s] INFO:colcon.colcon_core.shell:Creating package descriptor '/home/joffre/ros2_tutorials_ws/src/install/pubsub_package/share/pubsub_package/package.dsv'
[86.371s] INFO:colcon.colcon_core.shell:Creating package script '/home/joffre/ros2_tutorials_ws/src/install/pubsub_package/share/pubsub_package/package.sh'
[86.378s] INFO:colcon.colcon_core.shell:Creating package script '/home/joffre/ros2_tutorials_ws/src/install/pubsub_package/share/pubsub_package/package.bash'
[86.385s] INFO:colcon.colcon_core.shell:Creating package script '/home/joffre/ros2_tutorials_ws/src/install/pubsub_package/share/pubsub_package/package.zsh'
[86.391s] Level 1:colcon.colcon_core.environment:create_file_with_runtime_dependencies(/home/joffre/ros2_tutorials_ws/src/install/pubsub_package/share/colcon-core/packages/pubsub_package)
[86.402s] DEBUG:colcon.colcon_parallel_executor.executor.parallel:closing loop
[86.402s] DEBUG:colcon.colcon_parallel_executor.executor.parallel:loop closed
[86.402s] DEBUG:colcon.colcon_parallel_executor.executor.parallel:run_until_complete finished with '0'
[86.402s] DEBUG:colcon.colcon_core.event_reactor:joining thread
[86.516s] INFO:colcon.colcon_core.plugin_system:Skipping extension 'colcon_notification.desktop_notification.terminal_notifier': Not used on non-Darwin systems
[86.519s] INFO:colcon.colcon_core.plugin_system:Skipping extension 'colcon_notification.desktop_notification.win32': Not used on non-Windows systems
[86.519s] INFO:colcon.colcon_notification.desktop_notification:Sending desktop notification using 'notify2'
[86.687s] DEBUG:colcon.colcon_core.event_reactor:joined thread
[86.690s] INFO:colcon.colcon_core.shell:Creating prefix script '/home/joffre/ros2_tutorials_ws/src/install/local_setup.ps1'
[86.698s] INFO:colcon.colcon_core.shell:Creating prefix util module '/home/joffre/ros2_tutorials_ws/src/install/_local_setup_util_ps1.py'
[86.711s] INFO:colcon.colcon_core.shell:Creating prefix chain script '/home/joffre/ros2_tutorials_ws/src/install/setup.ps1'
[86.752s] INFO:colcon.colcon_core.shell:Creating prefix script '/home/joffre/ros2_tutorials_ws/src/install/local_setup.sh'
[86.764s] INFO:colcon.colcon_core.shell:Creating prefix util module '/home/joffre/ros2_tutorials_ws/src/install/_local_setup_util_sh.py'
[86.769s] INFO:colcon.colcon_core.shell:Creating prefix chain script '/home/joffre/ros2_tutorials_ws/src/install/setup.sh'
[86.786s] INFO:colcon.colcon_core.shell:Creating prefix script '/home/joffre/ros2_tutorials_ws/src/install/local_setup.bash'
[86.799s] INFO:colcon.colcon_core.shell:Creating prefix chain script '/home/joffre/ros2_tutorials_ws/src/install/setup.bash'
[86.815s] INFO:colcon.colcon_core.shell:Creating prefix script '/home/joffre/ros2_tutorials_ws/src/install/local_setup.zsh'
[86.821s] INFO:colcon.colcon_core.shell:Creating prefix chain script '/home/joffre/ros2_tutorials_ws/src/install/setup.zsh'
