running egg_info
creating ../build/pubsub_package/pubsub_package.egg-info
writing ../build/pubsub_package/pubsub_package.egg-info/PKG-INFO
writing dependency_links to ../build/pubsub_package/pubsub_package.egg-info/dependency_links.txt
writing entry points to ../build/pubsub_package/pubsub_package.egg-info/entry_points.txt
writing requirements to ../build/pubsub_package/pubsub_package.egg-info/requires.txt
writing top-level names to ../build/pubsub_package/pubsub_package.egg-info/top_level.txt
writing manifest file '../build/pubsub_package/pubsub_package.egg-info/SOURCES.txt'
reading manifest file '../build/pubsub_package/pubsub_package.egg-info/SOURCES.txt'
writing manifest file '../build/pubsub_package/pubsub_package.egg-info/SOURCES.txt'
running build
running build_py
creating /home/joffre/ros2_tutorials_ws/src/build/pubsub_package/build
creating /home/joffre/ros2_tutorials_ws/src/build/pubsub_package/build/lib
creating /home/joffre/ros2_tutorials_ws/src/build/pubsub_package/build/lib/pubsub_package
copying pubsub_package/__init__.py -> /home/joffre/ros2_tutorials_ws/src/build/pubsub_package/build/lib/pubsub_package
copying pubsub_package/publisher.py -> /home/joffre/ros2_tutorials_ws/src/build/pubsub_package/build/lib/pubsub_package
running install
running install_lib
creating /home/joffre/ros2_tutorials_ws/src/install/pubsub_package/lib/python3.12/site-packages/pubsub_package
copying /home/joffre/ros2_tutorials_ws/src/build/pubsub_package/build/lib/pubsub_package/__init__.py -> /home/joffre/ros2_tutorials_ws/src/install/pubsub_package/lib/python3.12/site-packages/pubsub_package
copying /home/joffre/ros2_tutorials_ws/src/build/pubsub_package/build/lib/pubsub_package/publisher.py -> /home/joffre/ros2_tutorials_ws/src/install/pubsub_package/lib/python3.12/site-packages/pubsub_package
byte-compiling /home/joffre/ros2_tutorials_ws/src/install/pubsub_package/lib/python3.12/site-packages/pubsub_package/__init__.py to __init__.cpython-312.pyc
byte-compiling /home/joffre/ros2_tutorials_ws/src/install/pubsub_package/lib/python3.12/site-packages/pubsub_package/publisher.py to publisher.cpython-312.pyc
running install_data
creating /home/joffre/ros2_tutorials_ws/src/install/pubsub_package/share/ament_index
creating /home/joffre/ros2_tutorials_ws/src/install/pubsub_package/share/ament_index/resource_index
creating /home/joffre/ros2_tutorials_ws/src/install/pubsub_package/share/ament_index/resource_index/packages
copying resource/pubsub_package -> /home/joffre/ros2_tutorials_ws/src/install/pubsub_package/share/ament_index/resource_index/packages
copying package.xml -> /home/joffre/ros2_tutorials_ws/src/install/pubsub_package/share/pubsub_package
running install_egg_info
Copying ../build/pubsub_package/pubsub_package.egg-info to /home/joffre/ros2_tutorials_ws/src/install/pubsub_package/lib/python3.12/site-packages/pubsub_package-0.0.0-py3.12.egg-info
running install_scripts
Installing talker script to /home/joffre/ros2_tutorials_ws/src/install/pubsub_package/lib/pubsub_package
writing list of installed files to '/home/joffre/ros2_tutorials_ws/src/build/pubsub_package/install.log'
